2025-02-10 17:01:52,436 - INFO - Программа запущена
2025-02-10 17:01:52,436 - INFO - Функция read_file вызвана с аргументом: 2
2025-02-10 17:01:52,436 - INFO - e_path выполнено
2025-02-10 17:01:52,436 - INFO - e_read выполнено
2025-02-10 17:01:52,442 - INFO - e_write выполнено
2025-02-10 17:01:52,443 - INFO - e_read выполнено
2025-02-10 17:01:52,444 - INFO - e_convert выполнено
2025-02-10 17:01:52,445 - INFO - Функция preprocess начата
2025-02-10 17:01:52,445 - INFO - Функция fill начата
2025-02-10 17:01:52,450 - INFO - e_fill_values выполнено
2025-02-10 17:01:52,450 - INFO - Функция scale начата
2025-02-10 17:01:52,450 - INFO - e_scale_price выполнено
2025-02-10 17:01:52,451 - INFO - e_scale_format выполнено
2025-02-10 17:01:52,455 - INFO - Функция train начата
2025-02-10 17:01:52,481 - INFO - Данные успешно разделены на обучающие и тестовые
2025-02-10 17:01:52,482 - INFO - Функция learn начата
2025-02-10 17:02:10,378 - INFO - Обучение завершено с точностью: 0.00
2025-02-10 17:02:10,382 - INFO - Модель успешно сохранена
2025-02-10 17:02:10,394 - INFO - Сохранение данных завершено
2025-02-10 17:02:10,397 - INFO - Загрузка модели начата
2025-02-10 17:02:10,399 - INFO - Функция read_file вызвана с аргументом: 1
2025-02-10 17:02:10,399 - INFO - e_path выполнено
2025-02-10 17:02:10,399 - INFO - e_read выполнено
2025-02-10 17:02:10,399 - INFO - e_convert выполнено
2025-02-10 17:02:10,400 - INFO - Функция preprocess начата
2025-02-10 17:02:10,400 - INFO - Функция fill начата
2025-02-10 17:02:10,402 - INFO - e_fill_values выполнено
2025-02-10 17:02:10,402 - INFO - Функция scale начата
2025-02-10 17:02:10,403 - INFO - e_scale_price выполнено
2025-02-10 17:02:10,403 - INFO - e_scale_format выполнено
2025-02-10 17:02:10,446 - INFO - Прогноз для объекта 1: [('Gran Feudo Moscatel 2021', 0.004058086195264853), ('Macallan 12 YO Fine Oak 5cl', 0.004058086195264853), ('Kilchoman Machir Bay Gift Pack 70cl', 0.004058086195264853), ('Kracher No.4. Rosenmuskateller 2018', 0.004058086195264853), ('Kracher Noble Reserve Trockenbeerenauslese N.V. 37.5cl', 0.004058086195264853)]
2025-02-10 17:02:10,450 - INFO - Сохранение данных завершено
